Removed Pin From Net: NetName=GND Pin=J1-A1-B12
Removed Pin From Net: NetName=5V Pin=J1-A4-B9
Removed Pin From Net: NetName=UD+ Pin=J1-A6
Removed Pin From Net: NetName=UD- Pin=J1-A7
Removed Pin From Net: NetName=5V Pin=J1-B4-A9
Added Component: Designator=J1(USB-TYPE-C-12PIN)
Added Pin To Net: NetName=GND Pin=J1-A1
Added Pin To Net: NetName=5V Pin=J1-A4
Added Pin To Net: NetName=UD+ Pin=J1-A6
Added Pin To Net: NetName=UD- Pin=J1-A7
Added Pin To Net: NetName=5V Pin=J1-A9
Added Pin To Net: NetName=GND Pin=J1-A12
Added Pin To Net: NetName=GND Pin=J1-B1
Added Pin To Net: NetName=5V Pin=J1-B4
Added Pin To Net: NetName=5V Pin=J1-B9
Added Pin To Net: NetName=GND Pin=J1-B12
Added Pin To Net: NetName=CC1 Pin=J1-A5
Added Pin To Net: NetName=CC1 Pin=R1-1
Added Net: Name=CC1
Added Room: Name=J1
Added Room: Name=U1
Added Room: Name=U2
Added Room: Name=USBCOMPORT-TTL
