Removed Pin From Net: NetName=GND Pin=P1-1
Removed Pin From Net: NetName=VIN_3.3V Pin=P1-2
Removed Pin From Net: NetName=SPI2_MISO Pin=P1-3
Removed Pin From Net: NetName=DNU Pin=P1-4
Removed Pin From Net: NetName=SPI2_MOSI Pin=P1-5
Removed Pin From Net: NetName=SPI2_SCK Pin=P1-6
Removed Pin From Net: NetName=CSN_FRAM Pin=P1-7
Added Component: Designator=P1(HDR1X4)
Add component (AddParameter): Name = "LatestRevisionDate"; Value = "17-Jul-2002"; VariantName = "[No Variations]"
Add component (AddParameter): Name = "LatestRevisionNote"; Value = "Re-released for DXP Platform."; VariantName = "[No Variations]"
Add component (AddParameter): Name = "Publisher"; Value = "Altium Limited"; VariantName = "[No Variations]"
Added Component: Designator=P2(HDR1X3)
Add component (AddParameter): Name = "LatestRevisionDate"; Value = "17-Jul-2002"; VariantName = "[No Variations]"
Add component (AddParameter): Name = "LatestRevisionNote"; Value = "Re-released for DXP Platform."; VariantName = "[No Variations]"
Add component (AddParameter): Name = "Publisher"; Value = "Altium Limited"; VariantName = "[No Variations]"
Added Pin To Net: NetName=CSN_FRAM Pin=P1-1
Added Pin To Net: NetName=SPI2_MISO Pin=P1-2
Added Pin To Net: NetName=VIN_3.3V Pin=P1-3
Added Pin To Net: NetName=GND Pin=P1-4
Added Pin To Net: NetName=SPI2_MOSI Pin=P2-1
Added Pin To Net: NetName=SPI2_SCK Pin=P2-2
Added Pin To Net: NetName=DNU Pin=P2-3
Added Member To Class: ClassName=FM25V20A_base Member=Component P2 OUTPUT2
